# JRE version: Java(TM) SE Runtime Environment (8.0_271-b09) (build 1.8.0_271-b09)
# Java VM: Java HotSpot(TM) 64-Bit Server VM (25.271-b09 mixed mode windows-amd64 compressed oops)
Heap:
 PSYoungGen      total 648704K, used 648688K [0x0000000715b80000, 0x0000000740200000, 0x00000007c0000000)
  eden space 621568K, 100% used [0x0000000715b80000,0x000000073ba80000,0x000000073ba80000)
  from space 27136K, 99% used [0x000000073db00000,0x000000073f57c2a0,0x000000073f580000)
  to   space 33280K, 56% used [0x000000073ba80000,0x000000073ccf3918,0x000000073db00000)
 ParOldGen       total 256512K, used 223198K [0x00000005c1200000, 0x00000005d0c80000, 0x0000000715b80000)
  object space 256512K, 87% used [0x00000005c1200000,0x00000005cebf7b30,0x00000005d0c80000)
 Metaspace       used 96113K, capacity 97382K, committed 97432K, reserved 1132544K
  class space    used 13429K, capacity 13710K, committed 13744K, reserved 1048576K
GC Heap History (10 events):
Event: 21.368 GC heap after
Heap after GC invocations=7 (full 2):
 PSYoungGen      total 279040K, used 20600K [0x0000000715b80000, 0x0000000731600000, 0x00000007c0000000)
  eden space 257536K, 0% used [0x0000000715b80000,0x0000000715b80000,0x0000000725700000)
  from space 21504K, 95% used [0x0000000725700000,0x0000000726b1e118,0x0000000726c00000)
  to   space 23552K, 0% used [0x000000072ff00000,0x000000072ff00000,0x0000000731600000)
 ParOldGen       total 199680K, used 11955K [0x00000005c1200000, 0x00000005cd500000, 0x0000000715b80000)
  object space 199680K, 5% used [0x00000005c1200000,0x00000005c1daceb8,0x00000005cd500000)
 Metaspace       used 51822K, capacity 52162K, committed 52776K, reserved 1095680K
  class space    used 7002K, capacity 7099K, committed 7216K, reserved 1048576K
}
Event: 21.577 GC heap before
{Heap before GC invocations=8 (full 2):
 PSYoungGen      total 279040K, used 64987K [0x0000000715b80000, 0x0000000731600000, 0x00000007c0000000)
  eden space 257536K, 17% used [0x0000000715b80000,0x00000007186d8c98,0x0000000725700000)
  from space 21504K, 95% used [0x0000000725700000,0x0000000726b1e118,0x0000000726c00000)
  to   space 23552K, 0% used [0x000000072ff00000,0x000000072ff00000,0x0000000731600000)
 ParOldGen       total 199680K, used 11955K [0x00000005c1200000, 0x00000005cd500000, 0x0000000715b80000)
  object space 199680K, 5% used [0x00000005c1200000,0x00000005c1daceb8,0x00000005cd500000)
 Metaspace       used 58430K, capacity 58722K, committed 59160K, reserved 1099776K
  class space    used 8066K, capacity 8155K, committed 8240K, reserved 1048576K
Event: 21.581 GC heap after
Heap after GC invocations=8 (full 2):
 PSYoungGen      total 430592K, used 11327K [0x0000000715b80000, 0x0000000731c80000, 0x00000007c0000000)
  eden space 407040K, 0% used [0x0000000715b80000,0x0000000715b80000,0x000000072e900000)
  from space 23552K, 48% used [0x000000072ff00000,0x0000000730a0fea0,0x0000000731600000)
  to   space 22528K, 0% used [0x000000072e900000,0x000000072e900000,0x000000072ff00000)
 ParOldGen       total 199680K, used 11963K [0x00000005c1200000, 0x00000005cd500000, 0x0000000715b80000)
  object space 199680K, 5% used [0x00000005c1200000,0x00000005c1daeeb8,0x00000005cd500000)
 Metaspace       used 58430K, capacity 58722K, committed 59160K, reserved 1099776K
  class space    used 8066K, capacity 8155K, committed 8240K, reserved 1048576K
}
Event: 21.581 GC heap before
{Heap before GC invocations=9 (full 3):
 PSYoungGen      total 430592K, used 11327K [0x0000000715b80000, 0x0000000731c80000, 0x00000007c0000000)
  eden space 407040K, 0% used [0x0000000715b80000,0x0000000715b80000,0x000000072e900000)
  from space 23552K, 48% used [0x000000072ff00000,0x0000000730a0fea0,0x0000000731600000)
  to   space 22528K, 0% used [0x000000072e900000,0x000000072e900000,0x000000072ff00000)
 ParOldGen       total 199680K, used 11963K [0x00000005c1200000, 0x00000005cd500000, 0x0000000715b80000)
  object space 199680K, 5% used [0x00000005c1200000,0x00000005c1daeeb8,0x00000005cd500000)
 Metaspace       used 58430K, capacity 58722K, committed 59160K, reserved 1099776K
  class space    used 8066K, capacity 8155K, committed 8240K, reserved 1048576K
Event: 21.627 GC heap after
Heap after GC invocations=9 (full 3):
 PSYoungGen      total 430592K, used 0K [0x0000000715b80000, 0x0000000731c80000, 0x00000007c0000000)
  eden space 407040K, 0% used [0x0000000715b80000,0x0000000715b80000,0x000000072e900000)
  from space 23552K, 0% used [0x000000072ff00000,0x000000072ff00000,0x0000000731600000)
  to   space 22528K, 0% used [0x000000072e900000,0x000000072e900000,0x000000072ff00000)
 ParOldGen       total 256512K, used 19861K [0x00000005c1200000, 0x00000005d0c80000, 0x0000000715b80000)
  object space 256512K, 7% used [0x00000005c1200000,0x00000005c2565680,0x00000005d0c80000)
 Metaspace       used 58430K, capacity 58722K, committed 59160K, reserved 1099776K
  class space    used 8066K, capacity 8155K, committed 8240K, reserved 1048576K
}
Event: 22.981 GC heap before
{Heap before GC invocations=10 (full 3):
 PSYoungGen      total 430592K, used 407040K [0x0000000715b80000, 0x0000000731c80000, 0x00000007c0000000)
  eden space 407040K, 100% used [0x0000000715b80000,0x000000072e900000,0x000000072e900000)
  from space 23552K, 0% used [0x000000072ff00000,0x000000072ff00000,0x0000000731600000)
  to   space 22528K, 0% used [0x000000072e900000,0x000000072e900000,0x000000072ff00000)
 ParOldGen       total 256512K, used 19861K [0x00000005c1200000, 0x00000005d0c80000, 0x0000000715b80000)
  object space 256512K, 7% used [0x00000005c1200000,0x00000005c2565680,0x00000005d0c80000)
 Metaspace       used 78763K, capacity 79194K, committed 79896K, reserved 1118208K
  class space    used 11102K, capacity 11229K, committed 11312K, reserved 1048576K
Event: 22.992 GC heap after
Heap after GC invocations=10 (full 3):
 PSYoungGen      total 429568K, used 22512K [0x0000000715b80000, 0x000000073f580000, 0x00000007c0000000)
  eden space 407040K, 0% used [0x0000000715b80000,0x0000000715b80000,0x000000072e900000)
  from space 22528K, 99% used [0x000000072e900000,0x000000072fefc2e0,0x000000072ff00000)
  to   space 27136K, 0% used [0x000000073db00000,0x000000073db00000,0x000000073f580000)
 ParOldGen       total 256512K, used 22113K [0x00000005c1200000, 0x00000005d0c80000, 0x0000000715b80000)
  object space 256512K, 8% used [0x00000005c1200000,0x00000005c27986e8,0x00000005d0c80000)
 Metaspace       used 78763K, capacity 79194K, committed 79896K, reserved 1118208K
  class space    used 11102K, capacity 11229K, committed 11312K, reserved 1048576K
}
Event: 24.005 GC heap before
{Heap before GC invocations=11 (full 3):
 PSYoungGen      total 429568K, used 388442K [0x0000000715b80000, 0x000000073f580000, 0x00000007c0000000)
  eden space 407040K, 89% used [0x0000000715b80000,0x000000072c0da718,0x000000072e900000)
  from space 22528K, 99% used [0x000000072e900000,0x000000072fefc2e0,0x000000072ff00000)
  to   space 27136K, 0% used [0x000000073db00000,0x000000073db00000,0x000000073f580000)
 ParOldGen       total 256512K, used 22113K [0x00000005c1200000, 0x00000005d0c80000, 0x0000000715b80000)
  object space 256512K, 8% used [0x00000005c1200000,0x00000005c27986e8,0x00000005d0c80000)
 Metaspace       used 87160K, capacity 88074K, committed 88216K, reserved 1124352K
  class space    used 12402K, capacity 12652K, committed 12720K, reserved 1048576K
Event: 24.017 GC heap after
Heap after GC invocations=11 (full 3):
 PSYoungGen      total 648704K, used 27120K [0x0000000715b80000, 0x0000000740200000, 0x00000007c0000000)
  eden space 621568K, 0% used [0x0000000715b80000,0x0000000715b80000,0x000000073ba80000)
  from space 27136K, 99% used [0x000000073db00000,0x000000073f57c2a0,0x000000073f580000)
  to   space 33280K, 0% used [0x000000073ba80000,0x000000073ba80000,0x000000073db00000)
 ParOldGen       total 256512K, used 26543K [0x00000005c1200000, 0x00000005d0c80000, 0x0000000715b80000)
  object space 256512K, 10% used [0x00000005c1200000,0x00000005c2bebec0,0x00000005d0c80000)
 Metaspace       used 87160K, capacity 88074K, committed 88216K, reserved 1124352K
  class space    used 12402K, capacity 12652K, committed 12720K, reserved 1048576K
}
Event: 26.854 GC heap before
{Heap before GC invocations=12 (full 3):
 PSYoungGen      total 648704K, used 648688K [0x0000000715b80000, 0x0000000740200000, 0x00000007c0000000)
  eden space 621568K, 100% used [0x0000000715b80000,0x000000073ba80000,0x000000073ba80000)
  from space 27136K, 99% used [0x000000073db00000,0x000000073f57c2a0,0x000000073f580000)
  to   space 33280K, 0% used [0x000000073ba80000,0x000000073ba80000,0x000000073db00000)
 ParOldGen       total 256512K, used 26543K [0x00000005c1200000, 0x00000005d0c80000, 0x0000000715b80000)
  object space 256512K, 10% used [0x00000005c1200000,0x00000005c2bebec0,0x00000005d0c80000)
 Metaspace       used 96113K, capacity 97382K, committed 97432K, reserved 1132544K
  class space    used 13429K, capacity 13710K, committed 13744K, reserved 1048576K

